<?xml version="1.0" encoding="UTF-8"?>
<testsuite xmlns:xsi="http://www.w3.org/2001/XMLSchema-instance" xsi:noNamespaceSchemaLocation="https://maven.apache.org/surefire/maven-surefire-plugin/xsd/surefire-test-report.xsd" name="com.ta.UserRestTest" time="1.356" tests="7" errors="0" skipped="0" failures="0">
  <properties>
    <property name="java.specification.version" value="16"/>
    <property name="sun.cpu.isalist" value="amd64"/>
    <property name="sun.jnu.encoding" value="Cp1251"/>
    <property name="java.class.path" value="D:\soft\Magenta Technology\Automation-test-with-REST-Assured\target\test-classes;D:\soft\Magenta Technology\Automation-test-with-REST-Assured\target\classes;C:\Users\Professional\.m2\repository\org\junit\jupiter\junit-jupiter-engine\5.8.1\junit-jupiter-engine-5.8.1.jar;C:\Users\Professional\.m2\repository\org\junit\platform\junit-platform-engine\1.8.1\junit-platform-engine-1.8.1.jar;C:\Users\Professional\.m2\repository\org\opentest4j\opentest4j\1.2.0\opentest4j-1.2.0.jar;C:\Users\Professional\.m2\repository\org\junit\platform\junit-platform-commons\1.8.1\junit-platform-commons-1.8.1.jar;C:\Users\Professional\.m2\repository\org\junit\jupiter\junit-jupiter-api\5.8.1\junit-jupiter-api-5.8.1.jar;C:\Users\Professional\.m2\repository\org\apiguardian\apiguardian-api\1.1.2\apiguardian-api-1.1.2.jar;C:\Users\Professional\.m2\repository\org\junit\platform\junit-platform-launcher\1.8.1\junit-platform-launcher-1.8.1.jar;C:\Users\Professional\.m2\repository\org\junit\platform\junit-platform-runner\1.8.1\junit-platform-runner-1.8.1.jar;C:\Users\Professional\.m2\repository\junit\junit\4.13.2\junit-4.13.2.jar;C:\Users\Professional\.m2\repository\org\hamcrest\hamcrest-core\1.3\hamcrest-core-1.3.jar;C:\Users\Professional\.m2\repository\org\junit\platform\junit-platform-suite-api\1.8.1\junit-platform-suite-api-1.8.1.jar;C:\Users\Professional\.m2\repository\org\junit\platform\junit-platform-suite-commons\1.8.1\junit-platform-suite-commons-1.8.1.jar;C:\Users\Professional\.m2\repository\io\rest-assured\rest-assured\4.3.2\rest-assured-4.3.2.jar;C:\Users\Professional\.m2\repository\org\codehaus\groovy\groovy\3.0.6\groovy-3.0.6.jar;C:\Users\Professional\.m2\repository\org\codehaus\groovy\groovy-xml\3.0.6\groovy-xml-3.0.6.jar;C:\Users\Professional\.m2\repository\org\apache\httpcomponents\httpclient\4.5.3\httpclient-4.5.3.jar;C:\Users\Professional\.m2\repository\org\apache\httpcomponents\httpcore\4.4.6\httpcore-4.4.6.jar;C:\Users\Professional\.m2\repository\commons-logging\commons-logging\1.2\commons-logging-1.2.jar;C:\Users\Professional\.m2\repository\commons-codec\commons-codec\1.9\commons-codec-1.9.jar;C:\Users\Professional\.m2\repository\org\apache\httpcomponents\httpmime\4.5.3\httpmime-4.5.3.jar;C:\Users\Professional\.m2\repository\org\hamcrest\hamcrest\2.1\hamcrest-2.1.jar;C:\Users\Professional\.m2\repository\org\ccil\cowan\tagsoup\tagsoup\1.2.1\tagsoup-1.2.1.jar;C:\Users\Professional\.m2\repository\io\rest-assured\json-path\4.3.2\json-path-4.3.2.jar;C:\Users\Professional\.m2\repository\org\codehaus\groovy\groovy-json\3.0.6\groovy-json-3.0.6.jar;C:\Users\Professional\.m2\repository\io\rest-assured\rest-assured-common\4.3.2\rest-assured-common-4.3.2.jar;C:\Users\Professional\.m2\repository\io\rest-assured\xml-path\4.3.2\xml-path-4.3.2.jar;C:\Users\Professional\.m2\repository\org\apache\commons\commons-lang3\3.11\commons-lang3-3.11.jar;C:\Users\Professional\.m2\repository\jakarta\xml\bind\jakarta.xml.bind-api\2.3.3\jakarta.xml.bind-api-2.3.3.jar;C:\Users\Professional\.m2\repository\jakarta\activation\jakarta.activation-api\1.2.2\jakarta.activation-api-1.2.2.jar;C:\Users\Professional\.m2\repository\com\sun\xml\bind\jaxb-impl\2.3.3\jaxb-impl-2.3.3.jar;C:\Users\Professional\.m2\repository\com\fasterxml\jackson\core\jackson-databind\2.8.0\jackson-databind-2.8.0.jar;C:\Users\Professional\.m2\repository\com\fasterxml\jackson\core\jackson-annotations\2.8.0\jackson-annotations-2.8.0.jar;C:\Users\Professional\.m2\repository\com\fasterxml\jackson\core\jackson-core\2.8.0\jackson-core-2.8.0.jar;C:\Users\Professional\.m2\repository\org\projectlombok\lombok\1.18.20\lombok-1.18.20.jar;"/>
    <property name="java.vm.vendor" value="Oracle Corporation"/>
    <property name="sun.arch.data.model" value="64"/>
    <property name="user.variant" value=""/>
    <property name="java.vendor.url" value="https://java.oracle.com/"/>
    <property name="user.timezone" value="Europe/Samara"/>
    <property name="os.name" value="Windows 10"/>
    <property name="java.vm.specification.version" value="16"/>
    <property name="sun.java.launcher" value="SUN_STANDARD"/>
    <property name="user.country" value="RU"/>
    <property name="sun.boot.library.path" value="C:\Program Files\Java\jdk-16.0.2\bin"/>
    <property name="sun.java.command" value="C:\Users\PROFES~1\AppData\Local\Temp\surefire3907909252403789678\surefirebooter16333915718535785777.jar C:\Users\Professional\AppData\Local\Temp\surefire3907909252403789678 2021-11-21T21-55-21_502-jvmRun1 surefire3960522279171084381tmp surefire_07390325022191377705tmp"/>
    <property name="jdk.debug" value="release"/>
    <property name="test" value="com.ta.*Test"/>
    <property name="surefire.test.class.path" value="D:\soft\Magenta Technology\Automation-test-with-REST-Assured\target\test-classes;D:\soft\Magenta Technology\Automation-test-with-REST-Assured\target\classes;C:\Users\Professional\.m2\repository\org\junit\jupiter\junit-jupiter-engine\5.8.1\junit-jupiter-engine-5.8.1.jar;C:\Users\Professional\.m2\repository\org\junit\platform\junit-platform-engine\1.8.1\junit-platform-engine-1.8.1.jar;C:\Users\Professional\.m2\repository\org\opentest4j\opentest4j\1.2.0\opentest4j-1.2.0.jar;C:\Users\Professional\.m2\repository\org\junit\platform\junit-platform-commons\1.8.1\junit-platform-commons-1.8.1.jar;C:\Users\Professional\.m2\repository\org\junit\jupiter\junit-jupiter-api\5.8.1\junit-jupiter-api-5.8.1.jar;C:\Users\Professional\.m2\repository\org\apiguardian\apiguardian-api\1.1.2\apiguardian-api-1.1.2.jar;C:\Users\Professional\.m2\repository\org\junit\platform\junit-platform-launcher\1.8.1\junit-platform-launcher-1.8.1.jar;C:\Users\Professional\.m2\repository\org\junit\platform\junit-platform-runner\1.8.1\junit-platform-runner-1.8.1.jar;C:\Users\Professional\.m2\repository\junit\junit\4.13.2\junit-4.13.2.jar;C:\Users\Professional\.m2\repository\org\hamcrest\hamcrest-core\1.3\hamcrest-core-1.3.jar;C:\Users\Professional\.m2\repository\org\junit\platform\junit-platform-suite-api\1.8.1\junit-platform-suite-api-1.8.1.jar;C:\Users\Professional\.m2\repository\org\junit\platform\junit-platform-suite-commons\1.8.1\junit-platform-suite-commons-1.8.1.jar;C:\Users\Professional\.m2\repository\io\rest-assured\rest-assured\4.3.2\rest-assured-4.3.2.jar;C:\Users\Professional\.m2\repository\org\codehaus\groovy\groovy\3.0.6\groovy-3.0.6.jar;C:\Users\Professional\.m2\repository\org\codehaus\groovy\groovy-xml\3.0.6\groovy-xml-3.0.6.jar;C:\Users\Professional\.m2\repository\org\apache\httpcomponents\httpclient\4.5.3\httpclient-4.5.3.jar;C:\Users\Professional\.m2\repository\org\apache\httpcomponents\httpcore\4.4.6\httpcore-4.4.6.jar;C:\Users\Professional\.m2\repository\commons-logging\commons-logging\1.2\commons-logging-1.2.jar;C:\Users\Professional\.m2\repository\commons-codec\commons-codec\1.9\commons-codec-1.9.jar;C:\Users\Professional\.m2\repository\org\apache\httpcomponents\httpmime\4.5.3\httpmime-4.5.3.jar;C:\Users\Professional\.m2\repository\org\hamcrest\hamcrest\2.1\hamcrest-2.1.jar;C:\Users\Professional\.m2\repository\org\ccil\cowan\tagsoup\tagsoup\1.2.1\tagsoup-1.2.1.jar;C:\Users\Professional\.m2\repository\io\rest-assured\json-path\4.3.2\json-path-4.3.2.jar;C:\Users\Professional\.m2\repository\org\codehaus\groovy\groovy-json\3.0.6\groovy-json-3.0.6.jar;C:\Users\Professional\.m2\repository\io\rest-assured\rest-assured-common\4.3.2\rest-assured-common-4.3.2.jar;C:\Users\Professional\.m2\repository\io\rest-assured\xml-path\4.3.2\xml-path-4.3.2.jar;C:\Users\Professional\.m2\repository\org\apache\commons\commons-lang3\3.11\commons-lang3-3.11.jar;C:\Users\Professional\.m2\repository\jakarta\xml\bind\jakarta.xml.bind-api\2.3.3\jakarta.xml.bind-api-2.3.3.jar;C:\Users\Professional\.m2\repository\jakarta\activation\jakarta.activation-api\1.2.2\jakarta.activation-api-1.2.2.jar;C:\Users\Professional\.m2\repository\com\sun\xml\bind\jaxb-impl\2.3.3\jaxb-impl-2.3.3.jar;C:\Users\Professional\.m2\repository\com\fasterxml\jackson\core\jackson-databind\2.8.0\jackson-databind-2.8.0.jar;C:\Users\Professional\.m2\repository\com\fasterxml\jackson\core\jackson-annotations\2.8.0\jackson-annotations-2.8.0.jar;C:\Users\Professional\.m2\repository\com\fasterxml\jackson\core\jackson-core\2.8.0\jackson-core-2.8.0.jar;C:\Users\Professional\.m2\repository\org\projectlombok\lombok\1.18.20\lombok-1.18.20.jar;"/>
    <property name="sun.cpu.endian" value="little"/>
    <property name="user.home" value="C:\Users\Professional"/>
    <property name="user.language" value="ru"/>
    <property name="java.specification.vendor" value="Oracle Corporation"/>
    <property name="java.version.date" value="2021-07-20"/>
    <property name="java.home" value="C:\Program Files\Java\jdk-16.0.2"/>
    <property name="file.separator" value="\"/>
    <property name="basedir" value="D:\soft\Magenta Technology\Automation-test-with-REST-Assured"/>
    <property name="java.vm.compressedOopsMode" value="Zero based"/>
    <property name="line.separator" value="&#10;"/>
    <property name="java.vm.specification.vendor" value="Oracle Corporation"/>
    <property name="java.specification.name" value="Java Platform API Specification"/>
    <property name="surefire.real.class.path" value="C:\Users\PROFES~1\AppData\Local\Temp\surefire3907909252403789678\surefirebooter16333915718535785777.jar"/>
    <property name="user.script" value=""/>
    <property name="sun.management.compiler" value="HotSpot 64-Bit Tiered Compilers"/>
    <property name="java.runtime.version" value="16.0.2+7-67"/>
    <property name="user.name" value="Professional"/>
    <property name="path.separator" value=";"/>
    <property name="os.version" value="10.0"/>
    <property name="java.runtime.name" value="Java(TM) SE Runtime Environment"/>
    <property name="file.encoding" value="Cp1251"/>
    <property name="java.vm.name" value="Java HotSpot(TM) 64-Bit Server VM"/>
    <property name="localRepository" value="C:\Users\Professional\.m2\repository"/>
    <property name="java.vendor.url.bug" value="https://bugreport.java.com/bugreport/"/>
    <property name="java.io.tmpdir" value="C:\Users\PROFES~1\AppData\Local\Temp\"/>
    <property name="java.version" value="16.0.2"/>
    <property name="user.dir" value="D:\soft\Magenta Technology\Automation-test-with-REST-Assured"/>
    <property name="os.arch" value="amd64"/>
    <property name="java.vm.specification.name" value="Java Virtual Machine Specification"/>
    <property name="sun.os.patch.level" value=""/>
    <property name="java.library.path" value="C:\Program Files\Java\jdk-16.0.2\bin;C:\Windows\Sun\Java\bin;C:\Windows\system32;C:\Windows;C:\Program Files (x86)\NVIDIA Corporation\PhysX\Common;C:\Program Files\Common Files\Oracle\Java\javapath;C:\Windows\system32;C:\Windows;C:\Windows\System32\Wbem;C:\Windows\System32\WindowsPowerShell\v1.0\;C:\Program Files\Java\apache-maven-3.8.2\bin;C:\Program Files\Git\cmd;C:\Program Files\Google\Chrome\Application;C:\Program Files\Mozilla Firefox;C:\Users\Professional\AppData\Local\Programs\Python\Python39\Scripts\;C:\Users\Professional\AppData\Local\Programs\Python\Python39\;C:\Users\Professional\AppData\Local\Microsoft\WindowsApps;D:\Program Files\Intellij IDEA\IntelliJ IDEA Community Edition 2021.2.1\bin;;D:\Program Files\Microsoft VS Code\bin;D:\Program Files\Intellij IDEA\Ultimate\IntelliJ IDEA 2020.3.3\bin;;D:\Program Files\Gradle\gradle-6.9.1\bin;D:\Program Files\Python2.7\Scripts;D:\Program Files\Python2.7;C:\Program Files\Google\Chrome\Application;C:\Program Files\Mozilla Firefox;D:\Program Files\PostgreSQL\bin;."/>
    <property name="java.vm.info" value="mixed mode, sharing"/>
    <property name="java.vendor" value="Oracle Corporation"/>
    <property name="java.vm.version" value="16.0.2+7-67"/>
    <property name="sun.io.unicode.encoding" value="UnicodeLittle"/>
    <property name="java.class.version" value="60.0"/>
  </properties>
  <testcase name="getListUsersTest" classname="com.ta.UserRestTest" time="0.156"/>
  <testcase name="patchUpdateUserTest" classname="com.ta.UserRestTest" time="0.282"/>
  <testcase name="notFoundUserTest" classname="com.ta.UserRestTest" time="0.183"/>
  <testcase name="putUpdateUserTest" classname="com.ta.UserRestTest" time="0.192"/>
  <testcase name="createUserTest" classname="com.ta.UserRestTest" time="0.185"/>
  <testcase name="getUserTest" classname="com.ta.UserRestTest" time="0.147"/>
  <testcase name="deleteUserTest" classname="com.ta.UserRestTest" time="0.2"/>
</testsuite>